C51 COMPILER V9.60.0.0   DISPLAY                                                           02/06/2021 06:49:53 PAGE 1   


C51 COMPILER V9.60.0.0, COMPILATION OF MODULE DISPLAY
OBJECT MODULE PLACED IN .\display.obj
COMPILER INVOKED BY: C:\Keil_v5\C51\BIN\C51.EXE ..\Lib\display.c OMF2 OPTIMIZE(8,SPEED) BROWSE DEBUG PRINT(.\display.lst
                    -) TABS(2) OBJECT(.\display.obj)

line level    source

   1          #include"main.h"
   2          #include"port.h"
   3          #include"display.h"
   4          #include"delay.h"
   5          #include"String.h"
   6          
   7          /*start of Lcd Function*/
   8          void LCD_Enable()
   9          {
  10   1        LCD_EN = 1;
  11   1        Delay_ms(1);
  12   1        LCD_EN = 0;  
  13   1        Delay_ms(1); 
  14   1      }
  15          
  16          void LCD_Send4Bit(unsigned char Data)
  17          {
  18   1        LCD_D4 =  Data&0x01;
  19   1        LCD_D5 = (Data>>1)&0x01;
  20   1        LCD_D6 = (Data>>2)&0x01;
  21   1        LCD_D7 = (Data>>3)&0x01; 
  22   1      }
  23          
  24          void LCD_SendCommand(unsigned char command)
  25          {
  26   1        LCD_Send4Bit(command >>4);/* Gui 4 bit cao */
  27   1        LCD_Enable();
  28   1        LCD_Send4Bit(command);  /* Gui 4 bit thap*/
  29   1        LCD_Enable();
  30   1      }
  31          /* USER CODE END 0 */
  32          void LCD_Clear()
  33          {
  34   1        LCD_SendCommand(0x01);  
  35   1        Delay_ms(1); 
  36   1      }
  37          
  38          void LCD_Init()
  39          {
  40   1        LCD_Send4Bit(0x00);
  41   1        LCD_RS = 0;
  42   1        LCD_Send4Bit(0x03);
  43   1        LCD_Enable();
  44   1        LCD_Enable();
  45   1        LCD_Enable();
  46   1        LCD_Send4Bit(0x02);
  47   1        LCD_Enable();
  48   1        LCD_SendCommand(0x28); // giao thuc 4 bit, hien thi 2 hang, ki tu 5x8
  49   1        LCD_SendCommand(0x0C); // cho phep hien thi man hinh
  50   1        LCD_SendCommand(0x06); // tang ID, khong dich khung hinh
  51   1        LCD_SendCommand(0x01); // xoa toan bo khung hinh
  52   1      }
  53          
  54          void LCD_Gotoxy(unsigned char x, unsigned char y)
C51 COMPILER V9.60.0.0   DISPLAY                                                           02/06/2021 06:49:53 PAGE 2   

  55          {
  56   1        unsigned char address;
  57   1          if(!y)address=(0x80+x);
  58   1          else address=(0xC0+x);
  59   1          LCD_SendCommand(address);
  60   1      
  61   1      }
  62          
  63          void LCD_PutChar(unsigned char Data)
  64          {
  65   1        LCD_RS = 1;
  66   1        LCD_SendCommand(Data);
  67   1        LCD_RS = 0;
  68   1      }
  69          
  70          void LCD_Puts(char *s)
  71          {
  72   1          while (*s){
  73   2              LCD_PutChar(*s);
  74   2            s++;
  75   2          }
  76   1      }
  77          
  78          void LCD_Display_Number(unsigned int num){
  79   1        unsigned char arr[4];
  80   1        unsigned char count = 0;
  81   1        unsigned char i;
  82   1        while((num / 10) > 0){
  83   2          arr[count] = num%10;
  84   2          num = num/10;
  85   2          count++;
  86   2        }
  87   1        arr[count] = num;
  88   1        for(i = count; i > 0; i--){
  89   2          LCD_PutChar(arr[i] + 0x30);
  90   2        }
  91   1        LCD_PutChar(arr[0] + 0x30);
  92   1      }
  93          /*end of Lcd Function*/
  94          


MODULE INFORMATION:   STATIC OVERLAYABLE
   CODE SIZE        =    293    ----
   CONSTANT SIZE    =   ----    ----
   XDATA SIZE       =   ----    ----
   PDATA SIZE       =   ----    ----
   DATA SIZE        =   ----      12
   IDATA SIZE       =   ----    ----
   BIT SIZE         =   ----    ----
   EDATA SIZE       =   ----    ----
   HDATA SIZE       =   ----    ----
   XDATA CONST SIZE =   ----    ----
   FAR CONST SIZE   =   ----    ----
END OF MODULE INFORMATION.


C51 COMPILATION COMPLETE.  0 WARNING(S),  0 ERROR(S)
