C51 COMPILER V9.60.0.0   MAIN                                                              02/06/2021 06:49:53 PAGE 1   


C51 COMPILER V9.60.0.0, COMPILATION OF MODULE MAIN
OBJECT MODULE PLACED IN main.OBJ
COMPILER INVOKED BY: C:\Keil_v5\C51\BIN\C51.EXE main.c OMF2 OPTIMIZE(8,SPEED) BROWSE DEBUG TABS(2)

line level    source

   1          #include "main.h"
   2          #include "port.h"
   3          #include "cript.h"
   4          #include "..\lib\display.h"
   5          #include "..\lib\delay.h"
   6          #include "..\lib\ADC0804.h"
   7          #include "..\lib\timer.h"
   8          #include "..\lib\sensor.h"
   9          #include "..\lib\transport.h"
  10          #include "..\lib\realtime.h"
  11          
  12          
  13          void main()
  14          {
  15   1        //timer_multiFunction_timer0_lcd1602();
  16   1        lamp_sensor_control();
  17   1      }
  18          
  19          void Timer_0_interrupt() interrupt 1
  20          {
  21   1      }
  22          
  23          


MODULE INFORMATION:   STATIC OVERLAYABLE
   CODE SIZE        =      7    ----
   CONSTANT SIZE    =   ----    ----
   XDATA SIZE       =   ----    ----
   PDATA SIZE       =   ----    ----
   DATA SIZE        =   ----    ----
   IDATA SIZE       =   ----    ----
   BIT SIZE         =   ----    ----
   EDATA SIZE       =   ----    ----
   HDATA SIZE       =   ----    ----
   XDATA CONST SIZE =   ----    ----
   FAR CONST SIZE   =   ----    ----
END OF MODULE INFORMATION.


C51 COMPILATION COMPLETE.  0 WARNING(S),  0 ERROR(S)
