C51 COMPILER V9.60.0.0   SENSOR                                                            02/06/2021 06:49:54 PAGE 1   


C51 COMPILER V9.60.0.0, COMPILATION OF MODULE SENSOR
OBJECT MODULE PLACED IN .\sensor.obj
COMPILER INVOKED BY: C:\Keil_v5\C51\BIN\C51.EXE ..\Lib\sensor.c OMF2 OPTIMIZE(8,SPEED) BROWSE DEBUG PRINT(.\sensor.lst) 
                    -TABS(2) OBJECT(.\sensor.obj)

line level    source

   1          #include "main.h"
   2          #include "port.h"
   3          #include "delay.h"
   4          #include "sensor.h"
   5          
   6          #define DS18B20_skip_rom 0xCC
   7          #define DS18B20_convert_t 0x44
   8          #define DS18B20_read_scratchpad 0xBE
   9          
  10          /*start of Sensor DS18B20 */
  11          unsigned char DS18B20_reset()
  12          {
  13   1        unsigned char result;
  14   1        
  15   1        DS18B20_PIN = 0;
  16   1        Timer0_delay_us(480);
  17   1        
  18   1        DS18B20_PIN = 1;
  19   1        Timer0_delay_us(70);
  20   1        
  21   1        result = DS18B20_PIN;
  22   1        
  23   1        Timer0_delay_us(410);
  24   1      
  25   1        return result;
  26   1      }
  27          
  28          void DS18B20_write_1()
  29          {
  30   1        DS18B20_PIN = 0;
  31   1        Timer0_delay_us(6);
  32   1        
  33   1        DS18B20_PIN = 1;
  34   1        Timer0_delay_us(64);
  35   1      }
  36          
  37          void DS18B20_write_0()
  38          {
  39   1        DS18B20_PIN = 0;
  40   1        Timer0_delay_us(60);
  41   1        
  42   1        DS18B20_PIN = 1;
  43   1        Timer0_delay_us(10);
  44   1      }
  45          
  46          void DS18B20_write_bit(unsigned char b)
  47          {
  48   1        if(b == 1){
  49   2          DS18B20_write_1();
  50   2        }
  51   1        else{
  52   2          DS18B20_write_0();
  53   2        }
  54   1      }
C51 COMPILER V9.60.0.0   SENSOR                                                            02/06/2021 06:49:54 PAGE 2   

  55          
  56          unsigned char DS18B20_read_bit()
  57          {
  58   1        unsigned char result;
  59   1        
  60   1        DS18B20_PIN = 0;
  61   1        Timer0_delay_us(6);
  62   1        
  63   1        DS18B20_PIN = 1;
  64   1        Timer0_delay_us(9);
  65   1        
  66   1        result = DS18B20_PIN;
  67   1        Timer0_delay_us(55);
  68   1      
  69   1        return result;
  70   1      }
  71          
  72          void DS18B20_write_byte(unsigned char b)
  73          {
  74   1        unsigned char i = 8;
  75   1        while(i--)
  76   1        {
  77   2          DS18B20_write_bit(b & 0x01);
  78   2          b >>= 1;
  79   2        }
  80   1      }
  81          
  82          unsigned char DS18B20_read_byte()
  83          {
  84   1        unsigned char i = 8, result = 0;
  85   1        
  86   1        while(i--)
  87   1        {
  88   2          result >>= 1;
  89   2          result |= (DS18B20_read_bit() << 7);
  90   2        }
  91   1        
  92   1        return result;
  93   1      }
  94          
  95          unsigned int DS18B20_read_data()
  96          {
  97   1        unsigned int dt;
  98   1        
  99   1        while(DS18B20_reset());
 100   1        DS18B20_write_byte(DS18B20_skip_rom);
 101   1        DS18B20_write_byte(DS18B20_convert_t);
 102   1        
 103   1        Timer0_delay_ms(750);
 104   1        
 105   1        while(DS18B20_reset());
 106   1        DS18B20_write_byte(DS18B20_skip_rom);
 107   1        DS18B20_write_byte(DS18B20_read_scratchpad);
 108   1        
 109   1        dt = DS18B20_read_byte();
 110   1        dt = (DS18B20_read_byte() << 8) | dt;
 111   1        return dt;
 112   1      }
 113          
 114          /*end of Sensor DS18B20 */


C51 COMPILER V9.60.0.0   SENSOR                                                            02/06/2021 06:49:54 PAGE 3   

MODULE INFORMATION:   STATIC OVERLAYABLE
   CODE SIZE        =    241    ----
   CONSTANT SIZE    =   ----    ----
   XDATA SIZE       =   ----    ----
   PDATA SIZE       =   ----    ----
   DATA SIZE        =   ----       8
   IDATA SIZE       =   ----    ----
   BIT SIZE         =   ----    ----
   EDATA SIZE       =   ----    ----
   HDATA SIZE       =   ----    ----
   XDATA CONST SIZE =   ----    ----
   FAR CONST SIZE   =   ----    ----
END OF MODULE INFORMATION.


C51 COMPILATION COMPLETE.  0 WARNING(S),  0 ERROR(S)
