C51 COMPILER V9.60.0.0   TIMER                                                             02/06/2021 06:49:53 PAGE 1   


C51 COMPILER V9.60.0.0, COMPILATION OF MODULE TIMER
OBJECT MODULE PLACED IN .\timer.obj
COMPILER INVOKED BY: C:\Keil_v5\C51\BIN\C51.EXE ..\Lib\timer.c OMF2 OPTIMIZE(8,SPEED) BROWSE DEBUG PRINT(.\timer.lst) TA
                    -BS(2) OBJECT(.\timer.obj)

line level    source

   1          #include "main.h"
   2          #include "timer.h"
   3          #include "port.h"
   4          
   5          /* begin of timer 0*/
   6          void timer_0_init(unsigned char mode){
   7   1        switch (mode)
   8   1        {
   9   2          case 0:
  10   2            TMOD = 0x00;
  11   2            break;
  12   2          case 1:
  13   2            TMOD = 0x01;
  14   2            break;
  15   2          case 2:
  16   2            TMOD = 0x02;
  17   2            break;
  18   2          case 3:
  19   2            TMOD = 0x03;
  20   2            break;
  21   2        }
  22   1      }
  23          
  24          void timer_0_set_counter_value(unsigned char TH, unsigned char TL){
  25   1        TH0 = TH;
  26   1        TL0 = TL;
  27   1      }
  28          
  29          void timer_0_start(){
  30   1        TR0 = 1;
  31   1      }
  32          
  33          void timer_0_stop(){
  34   1        TR0 = 0;
  35   1      }
  36          
  37          void timer_0_clear_flowflag(){
  38   1        TF0 = 0;
  39   1      }
  40          
  41          void timer_0_reset(){
  42   1        while(!TF0);
  43   1        timer_0_stop();
  44   1        timer_0_clear_flowflag();
  45   1      }
  46          
  47          void timer_0_interrupt_init(){
  48   1        ET0 = 1;
  49   1        EA = 1;
  50   1      }
  51          
  52          /*end of timer 0*/


C51 COMPILER V9.60.0.0   TIMER                                                             02/06/2021 06:49:53 PAGE 2   

MODULE INFORMATION:   STATIC OVERLAYABLE
   CODE SIZE        =     58    ----
   CONSTANT SIZE    =   ----    ----
   XDATA SIZE       =   ----    ----
   PDATA SIZE       =   ----    ----
   DATA SIZE        =   ----    ----
   IDATA SIZE       =   ----    ----
   BIT SIZE         =   ----    ----
   EDATA SIZE       =   ----    ----
   HDATA SIZE       =   ----    ----
   XDATA CONST SIZE =   ----    ----
   FAR CONST SIZE   =   ----    ----
END OF MODULE INFORMATION.


C51 COMPILATION COMPLETE.  0 WARNING(S),  0 ERROR(S)
